# JRE version: OpenJDK Runtime Environment (8.0_76-b03) (build 1.8.0_76-release-b03)
# Java VM: OpenJDK 64-Bit Server VM (25.76-b03 mixed mode windows-amd64 compressed oops)
Heap:
 PSYoungGen      total 167936K, used 48125K [0x00000000e0000000, 0x00000000f0680000, 0x0000000100000000)
  eden space 119808K, 0% used [0x00000000e0000000,0x00000000e0000000,0x00000000e7500000)
  from space 48128K, 99% used [0x00000000eb380000,0x00000000ee27f5b0,0x00000000ee280000)
  to   space 64000K, 0% used [0x00000000e7500000,0x00000000e7500000,0x00000000eb380000)
 ParOldGen       total 103936K, used 103034K [0x00000000a0000000, 0x00000000a6580000, 0x00000000e0000000)
  object space 103936K, 99% used [0x00000000a0000000,0x00000000a649eb70,0x00000000a6580000)
 Metaspace       used 66962K, capacity 69502K, committed 69760K, reserved 1110016K
  class space    used 8709K, capacity 9270K, committed 9344K, reserved 1048576K
GC Heap History (10 events):
Event: 2856.392 GC heap after
Heap after GC invocations=19 (full 3):
 PSYoungGen      total 131072K, used 8896K [0x00000000e0000000, 0x00000000e9880000, 0x0000000100000000)
  eden space 116224K, 0% used [0x00000000e0000000,0x00000000e0000000,0x00000000e7180000)
  from space 14848K, 59% used [0x00000000e8a00000,0x00000000e92b0020,0x00000000e9880000)
  to   space 19968K, 0% used [0x00000000e7180000,0x00000000e7180000,0x00000000e8500000)
 ParOldGen       total 103936K, used 41448K [0x00000000a0000000, 0x00000000a6580000, 0x00000000e0000000)
  object space 103936K, 39% used [0x00000000a0000000,0x00000000a287a230,0x00000000a6580000)
 Metaspace       used 57142K, capacity 59606K, committed 59776K, reserved 1101824K
  class space    used 7681K, capacity 8198K, committed 8320K, reserved 1048576K
}
Event: 2878.744 GC heap before
{Heap before GC invocations=20 (full 3):
 PSYoungGen      total 131072K, used 125120K [0x00000000e0000000, 0x00000000e9880000, 0x0000000100000000)
  eden space 116224K, 100% used [0x00000000e0000000,0x00000000e7180000,0x00000000e7180000)
  from space 14848K, 59% used [0x00000000e8a00000,0x00000000e92b0020,0x00000000e9880000)
  to   space 19968K, 0% used [0x00000000e7180000,0x00000000e7180000,0x00000000e8500000)
 ParOldGen       total 103936K, used 41448K [0x00000000a0000000, 0x00000000a6580000, 0x00000000e0000000)
  object space 103936K, 39% used [0x00000000a0000000,0x00000000a287a230,0x00000000a6580000)
 Metaspace       used 62210K, capacity 64800K, committed 65024K, reserved 1105920K
  class space    used 8282K, capacity 8887K, committed 8960K, reserved 1048576K
Event: 2878.978 GC heap after
Heap after GC invocations=20 (full 3):
 PSYoungGen      total 133120K, used 19938K [0x00000000e0000000, 0x00000000ea480000, 0x0000000100000000)
  eden space 113152K, 0% used [0x00000000e0000000,0x00000000e0000000,0x00000000e6e80000)
  from space 19968K, 99% used [0x00000000e7180000,0x00000000e84f8b30,0x00000000e8500000)
  to   space 27648K, 0% used [0x00000000e8980000,0x00000000e8980000,0x00000000ea480000)
 ParOldGen       total 103936K, used 53755K [0x00000000a0000000, 0x00000000a6580000, 0x00000000e0000000)
  object space 103936K, 51% used [0x00000000a0000000,0x00000000a347ee78,0x00000000a6580000)
 Metaspace       used 62210K, capacity 64800K, committed 65024K, reserved 1105920K
  class space    used 8282K, capacity 8887K, committed 8960K, reserved 1048576K
}
Event: 2896.177 GC heap before
{Heap before GC invocations=21 (full 3):
 PSYoungGen      total 133120K, used 133090K [0x00000000e0000000, 0x00000000ea480000, 0x0000000100000000)
  eden space 113152K, 100% used [0x00000000e0000000,0x00000000e6e80000,0x00000000e6e80000)
  from space 19968K, 99% used [0x00000000e7180000,0x00000000e84f8b30,0x00000000e8500000)
  to   space 27648K, 0% used [0x00000000e8980000,0x00000000e8980000,0x00000000ea480000)
 ParOldGen       total 103936K, used 53755K [0x00000000a0000000, 0x00000000a6580000, 0x00000000e0000000)
  object space 103936K, 51% used [0x00000000a0000000,0x00000000a347ee78,0x00000000a6580000)
 Metaspace       used 66843K, capacity 69438K, committed 69760K, reserved 1110016K
  class space    used 8705K, capacity 9270K, committed 9344K, reserved 1048576K
Event: 2896.264 GC heap after
Heap after GC invocations=21 (full 3):
 PSYoungGen      total 134656K, used 27642K [0x00000000e0000000, 0x00000000ead80000, 0x0000000100000000)
  eden space 107008K, 0% used [0x00000000e0000000,0x00000000e0000000,0x00000000e6880000)
  from space 27648K, 99% used [0x00000000e8980000,0x00000000ea47ead8,0x00000000ea480000)
  to   space 33792K, 0% used [0x00000000e6880000,0x00000000e6880000,0x00000000e8980000)
 ParOldGen       total 103936K, used 58532K [0x00000000a0000000, 0x00000000a6580000, 0x00000000e0000000)
  object space 103936K, 56% used [0x00000000a0000000,0x00000000a3929260,0x00000000a6580000)
 Metaspace       used 66843K, capacity 69438K, committed 69760K, reserved 1110016K
  class space    used 8705K, capacity 9270K, committed 9344K, reserved 1048576K
}
Event: 2897.389 GC heap before
{Heap before GC invocations=22 (full 3):
 PSYoungGen      total 134656K, used 134650K [0x00000000e0000000, 0x00000000ead80000, 0x0000000100000000)
  eden space 107008K, 100% used [0x00000000e0000000,0x00000000e6880000,0x00000000e6880000)
  from space 27648K, 99% used [0x00000000e8980000,0x00000000ea47ead8,0x00000000ea480000)
  to   space 33792K, 0% used [0x00000000e6880000,0x00000000e6880000,0x00000000e8980000)
 ParOldGen       total 103936K, used 58532K [0x00000000a0000000, 0x00000000a6580000, 0x00000000e0000000)
  object space 103936K, 56% used [0x00000000a0000000,0x00000000a3929260,0x00000000a6580000)
 Metaspace       used 66917K, capacity 69502K, committed 69760K, reserved 1110016K
  class space    used 8708K, capacity 9270K, committed 9344K, reserved 1048576K
Event: 2897.504 GC heap after
Heap after GC invocations=22 (full 3):
 PSYoungGen      total 140800K, used 33779K [0x00000000e0000000, 0x00000000ee280000, 0x0000000100000000)
  eden space 107008K, 0% used [0x00000000e0000000,0x00000000e0000000,0x00000000e6880000)
  from space 33792K, 99% used [0x00000000e6880000,0x00000000e897cd90,0x00000000e8980000)
  to   space 48128K, 0% used [0x00000000eb380000,0x00000000eb380000,0x00000000ee280000)
 ParOldGen       total 103936K, used 82534K [0x00000000a0000000, 0x00000000a6580000, 0x00000000e0000000)
  object space 103936K, 79% used [0x00000000a0000000,0x00000000a5099ad0,0x00000000a6580000)
 Metaspace       used 66917K, capacity 69502K, committed 69760K, reserved 1110016K
  class space    used 8708K, capacity 9270K, committed 9344K, reserved 1048576K
}
Event: 2898.740 GC heap before
{Heap before GC invocations=23 (full 3):
 PSYoungGen      total 140800K, used 140787K [0x00000000e0000000, 0x00000000ee280000, 0x0000000100000000)
  eden space 107008K, 100% used [0x00000000e0000000,0x00000000e6880000,0x00000000e6880000)
  from space 33792K, 99% used [0x00000000e6880000,0x00000000e897cd90,0x00000000e8980000)
  to   space 48128K, 0% used [0x00000000eb380000,0x00000000eb380000,0x00000000ee280000)
 ParOldGen       total 103936K, used 82534K [0x00000000a0000000, 0x00000000a6580000, 0x00000000e0000000)
  object space 103936K, 79% used [0x00000000a0000000,0x00000000a5099ad0,0x00000000a6580000)
 Metaspace       used 66962K, capacity 69502K, committed 69760K, reserved 1110016K
  class space    used 8709K, capacity 9270K, committed 9344K, reserved 1048576K
Event: 2898.905 GC heap after
Heap after GC invocations=23 (full 3):
 PSYoungGen      total 167936K, used 48125K [0x00000000e0000000, 0x00000000f0680000, 0x0000000100000000)
  eden space 119808K, 0% used [0x00000000e0000000,0x00000000e0000000,0x00000000e7500000)
  from space 48128K, 99% used [0x00000000eb380000,0x00000000ee27f5b0,0x00000000ee280000)
  to   space 64000K, 0% used [0x00000000e7500000,0x00000000e7500000,0x00000000eb380000)
 ParOldGen       total 103936K, used 103034K [0x00000000a0000000, 0x00000000a6580000, 0x00000000e0000000)
  object space 103936K, 99% used [0x00000000a0000000,0x00000000a649eb70,0x00000000a6580000)
 Metaspace       used 66962K, capacity 69502K, committed 69760K, reserved 1110016K
  class space    used 8709K, capacity 9270K, committed 9344K, reserved 1048576K
}
Event: 2898.906 GC heap before
{Heap before GC invocations=24 (full 4):
 PSYoungGen      total 167936K, used 48125K [0x00000000e0000000, 0x00000000f0680000, 0x0000000100000000)
  eden space 119808K, 0% used [0x00000000e0000000,0x00000000e0000000,0x00000000e7500000)
  from space 48128K, 99% used [0x00000000eb380000,0x00000000ee27f5b0,0x00000000ee280000)
  to   space 64000K, 0% used [0x00000000e7500000,0x00000000e7500000,0x00000000eb380000)
 ParOldGen       total 103936K, used 103034K [0x00000000a0000000, 0x00000000a6580000, 0x00000000e0000000)
  object space 103936K, 99% used [0x00000000a0000000,0x00000000a649eb70,0x00000000a6580000)
 Metaspace       used 66962K, capacity 69502K, committed 69760K, reserved 1110016K
  class space    used 8709K, capacity 9270K, committed 9344K, reserved 1048576K

